0 info it worked if it ends with ok
1 verbose cli [ '/usr/bin/node', '/usr/bin/npm', 'i', '-save', 'canvas' ]
2 info using npm@3.5.2
3 info using node@v8.10.0
4 silly loadCurrentTree Starting
5 silly install loadCurrentTree
6 silly install readLocalPackageData
7 silly fetchPackageMetaData canvas
8 silly fetchNamedPackageData canvas
9 silly mapToRegistry name canvas
10 silly mapToRegistry using default registry
11 silly mapToRegistry registry https://registry.npmjs.org/
12 silly mapToRegistry uri https://registry.npmjs.org/canvas
13 verbose request uri https://registry.npmjs.org/canvas
14 verbose request no auth needed
15 info attempt registry request try #1 at 16:29:10
16 verbose request id 9db002a6972178eb
17 http request GET https://registry.npmjs.org/canvas
18 http 200 https://registry.npmjs.org/canvas
19 verbose headers { date: 'Tue, 31 Jul 2018 13:29:10 GMT',
19 verbose headers   'content-type': 'application/json; charset=UTF-8',
19 verbose headers   'transfer-encoding': 'chunked',
19 verbose headers   connection: 'keep-alive',
19 verbose headers   'set-cookie':
19 verbose headers    [ '__cfduid=da98fb27c2b43e02301af5d394a4946ca1533043750; expires=Wed, 31-Jul-19 13:29:10 GMT; path=/; domain=.registry.npmjs.org; HttpOnly' ],
19 verbose headers   'cache-control': 'max-age=300',
19 verbose headers   'cf-cache-status': 'HIT',
19 verbose headers   'cf-ray': '443069930c648b94-KBP',
19 verbose headers   etag: 'W/"4145e488dd9c3a4eeb247fb2ce3bf010"',
19 verbose headers   'expect-ct': 'max-age=604800, report-uri="https://report-uri.cloudflare.com/cdn-cgi/beacon/expect-ct"',
19 verbose headers   'last-modified': 'Sat, 26 May 2018 19:23:01 GMT',
19 verbose headers   vary: 'accept-encoding, accept',
19 verbose headers   server: 'cloudflare',
19 verbose headers   'content-encoding': 'gzip' }
20 silly get cb [ 200,
20 silly get   { date: 'Tue, 31 Jul 2018 13:29:10 GMT',
20 silly get     'content-type': 'application/json; charset=UTF-8',
20 silly get     'transfer-encoding': 'chunked',
20 silly get     connection: 'keep-alive',
20 silly get     'set-cookie':
20 silly get      [ '__cfduid=da98fb27c2b43e02301af5d394a4946ca1533043750; expires=Wed, 31-Jul-19 13:29:10 GMT; path=/; domain=.registry.npmjs.org; HttpOnly' ],
20 silly get     'cache-control': 'max-age=300',
20 silly get     'cf-cache-status': 'HIT',
20 silly get     'cf-ray': '443069930c648b94-KBP',
20 silly get     etag: 'W/"4145e488dd9c3a4eeb247fb2ce3bf010"',
20 silly get     'expect-ct': 'max-age=604800, report-uri="https://report-uri.cloudflare.com/cdn-cgi/beacon/expect-ct"',
20 silly get     'last-modified': 'Sat, 26 May 2018 19:23:01 GMT',
20 silly get     vary: 'accept-encoding, accept',
20 silly get     server: 'cloudflare',
20 silly get     'content-encoding': 'gzip' } ]
21 verbose get saving canvas to /home/alex-pc/.npm/registry.npmjs.org/canvas/.cache.json
22 silly install normalizeTree
23 silly loadCurrentTree Finishing
24 silly loadIdealTree Starting
25 silly install loadIdealTree
26 silly cloneCurrentTree Starting
27 silly install cloneCurrentTreeToIdealTree
28 silly cloneCurrentTree Finishing
29 silly loadShrinkwrap Starting
30 silly install loadShrinkwrap
31 silly loadShrinkwrap Finishing
32 silly loadAllDepsIntoIdealTree Starting
33 silly install loadAllDepsIntoIdealTree
34 silly resolveWithNewModule canvas@1.6.11 checking installable status
35 silly cache add args [ 'canvas', null ]
36 verbose cache add spec canvas
37 silly cache add parsed spec Result {
37 silly cache add   raw: 'canvas',
37 silly cache add   scope: null,
37 silly cache add   name: 'canvas',
37 silly cache add   rawSpec: '',
37 silly cache add   spec: 'latest',
37 silly cache add   type: 'tag' }
38 silly addNamed canvas@latest
39 verbose addNamed "latest" is being treated as a dist-tag for canvas
40 info addNameTag [ 'canvas', 'latest' ]
41 silly mapToRegistry name canvas
42 silly mapToRegistry using default registry
43 silly mapToRegistry registry https://registry.npmjs.org/
44 silly mapToRegistry uri https://registry.npmjs.org/canvas
45 verbose addNameTag registry:https://registry.npmjs.org/canvas not in flight; fetching
46 verbose get https://registry.npmjs.org/canvas not expired, no request
47 silly addNameTag next cb for canvas with tag latest
48 silly addNamed canvas@1.6.11
49 verbose addNamed "1.6.11" is a plain semver version for canvas
50 silly mapToRegistry name canvas
51 silly mapToRegistry using default registry
52 silly mapToRegistry registry https://registry.npmjs.org/
53 silly mapToRegistry uri https://registry.npmjs.org/canvas
54 verbose addRemoteTarball https://registry.npmjs.org/canvas/-/canvas-1.6.11.tgz not in flight; adding
55 verbose addRemoteTarball [ 'https://registry.npmjs.org/canvas/-/canvas-1.6.11.tgz',
55 verbose addRemoteTarball   'c2d8bcf283281f19ded14fa163a111804522330d' ]
56 info retry fetch attempt 1 at 16:29:11
57 info attempt registry request try #1 at 16:29:11
58 http fetch GET https://registry.npmjs.org/canvas/-/canvas-1.6.11.tgz
59 http fetch 200 https://registry.npmjs.org/canvas/-/canvas-1.6.11.tgz
60 silly fetchAndShaCheck shasum c2d8bcf283281f19ded14fa163a111804522330d
61 verbose addTmpTarball /tmp/npm-16475-9d39da92/registry.npmjs.org/canvas/-/canvas-1.6.11.tgz not in flight; adding
62 verbose addTmpTarball already have metadata; skipping unpack for canvas@1.6.11
63 silly cache afterAdd canvas@1.6.11
64 verbose afterAdd /home/alex-pc/.npm/canvas/1.6.11/package/package.json not in flight; writing
65 verbose afterAdd /home/alex-pc/.npm/canvas/1.6.11/package/package.json written
66 silly fetchNamedPackageData nan
67 silly mapToRegistry name nan
68 silly mapToRegistry using default registry
69 silly mapToRegistry registry https://registry.npmjs.org/
70 silly mapToRegistry uri https://registry.npmjs.org/nan
71 verbose request uri https://registry.npmjs.org/nan
72 verbose request no auth needed
73 info attempt registry request try #1 at 16:29:11
74 http request GET https://registry.npmjs.org/nan
75 http 200 https://registry.npmjs.org/nan
76 verbose headers { date: 'Tue, 31 Jul 2018 13:29:11 GMT',
76 verbose headers   'content-type': 'application/json; charset=UTF-8',
76 verbose headers   'transfer-encoding': 'chunked',
76 verbose headers   connection: 'keep-alive',
76 verbose headers   'set-cookie':
76 verbose headers    [ '__cfduid=db48bbed965292023100b1bb96dcf263e1533043751; expires=Wed, 31-Jul-19 13:29:11 GMT; path=/; domain=.registry.npmjs.org; HttpOnly' ],
76 verbose headers   'cache-control': 'max-age=300',
76 verbose headers   'cf-cache-status': 'HIT',
76 verbose headers   'cf-ray': '44306996ede78b94-KBP',
76 verbose headers   etag: 'W/"249a7c29055ea21c4b8d244bd7b33a97"',
76 verbose headers   'expect-ct': 'max-age=604800, report-uri="https://report-uri.cloudflare.com/cdn-cgi/beacon/expect-ct"',
76 verbose headers   'last-modified': 'Sun, 27 May 2018 09:01:11 GMT',
76 verbose headers   vary: 'accept-encoding, accept',
76 verbose headers   server: 'cloudflare',
76 verbose headers   'content-encoding': 'gzip' }
77 silly get cb [ 200,
77 silly get   { date: 'Tue, 31 Jul 2018 13:29:11 GMT',
77 silly get     'content-type': 'application/json; charset=UTF-8',
77 silly get     'transfer-encoding': 'chunked',
77 silly get     connection: 'keep-alive',
77 silly get     'set-cookie':
77 silly get      [ '__cfduid=db48bbed965292023100b1bb96dcf263e1533043751; expires=Wed, 31-Jul-19 13:29:11 GMT; path=/; domain=.registry.npmjs.org; HttpOnly' ],
77 silly get     'cache-control': 'max-age=300',
77 silly get     'cf-cache-status': 'HIT',
77 silly get     'cf-ray': '44306996ede78b94-KBP',
77 silly get     etag: 'W/"249a7c29055ea21c4b8d244bd7b33a97"',
77 silly get     'expect-ct': 'max-age=604800, report-uri="https://report-uri.cloudflare.com/cdn-cgi/beacon/expect-ct"',
77 silly get     'last-modified': 'Sun, 27 May 2018 09:01:11 GMT',
77 silly get     vary: 'accept-encoding, accept',
77 silly get     server: 'cloudflare',
77 silly get     'content-encoding': 'gzip' } ]
78 verbose get saving nan to /home/alex-pc/.npm/registry.npmjs.org/nan/.cache.json
79 silly resolveWithNewModule nan@2.10.0 checking installable status
80 silly cache add args [ 'nan@^2.10.0', null ]
81 verbose cache add spec nan@^2.10.0
82 silly cache add parsed spec Result {
82 silly cache add   raw: 'nan@^2.10.0',
82 silly cache add   scope: null,
82 silly cache add   name: 'nan',
82 silly cache add   rawSpec: '^2.10.0',
82 silly cache add   spec: '>=2.10.0 <3.0.0',
82 silly cache add   type: 'range' }
83 silly addNamed nan@>=2.10.0 <3.0.0
84 verbose addNamed ">=2.10.0 <3.0.0" is a valid semver range for nan
85 silly addNameRange { name: 'nan', range: '>=2.10.0 <3.0.0', hasData: false }
86 silly mapToRegistry name nan
87 silly mapToRegistry using default registry
88 silly mapToRegistry registry https://registry.npmjs.org/
89 silly mapToRegistry uri https://registry.npmjs.org/nan
90 verbose addNameRange registry:https://registry.npmjs.org/nan not in flight; fetching
91 verbose get https://registry.npmjs.org/nan not expired, no request
92 silly addNameRange number 2 { name: 'nan', range: '>=2.10.0 <3.0.0', hasData: true }
93 silly addNameRange versions [ 'nan',
93 silly addNameRange   [ '0.3.0-wip',
93 silly addNameRange     '0.3.0-wip2',
93 silly addNameRange     '0.3.0',
93 silly addNameRange     '0.3.1',
93 silly addNameRange     '0.3.2',
93 silly addNameRange     '0.4.0',
93 silly addNameRange     '0.4.1',
93 silly addNameRange     '0.4.2',
93 silly addNameRange     '0.4.3',
93 silly addNameRange     '0.4.4',
93 silly addNameRange     '0.5.0',
93 silly addNameRange     '0.5.1',
93 silly addNameRange     '0.5.2',
93 silly addNameRange     '0.6.0',
93 silly addNameRange     '0.7.0',
93 silly addNameRange     '0.7.1',
93 silly addNameRange     '0.8.0',
93 silly addNameRange     '1.0.0',
93 silly addNameRange     '1.1.0',
93 silly addNameRange     '1.1.1',
93 silly addNameRange     '1.1.2',
93 silly addNameRange     '1.2.0',
93 silly addNameRange     '1.3.0',
93 silly addNameRange     '1.4.0',
93 silly addNameRange     '1.4.1',
93 silly addNameRange     '1.5.0',
93 silly addNameRange     '1.4.2',
93 silly addNameRange     '1.4.3',
93 silly addNameRange     '1.5.1',
93 silly addNameRange     '1.5.2',
93 silly addNameRange     '1.6.0',
93 silly addNameRange     '1.5.3',
93 silly addNameRange     '1.6.1',
93 silly addNameRange     '1.6.2',
93 silly addNameRange     '1.7.0',
93 silly addNameRange     '1.8.0',
93 silly addNameRange     '1.8.1',
93 silly addNameRange     '1.8.2',
93 silly addNameRange     '1.8.3',
93 silly addNameRange     '1.8.4',
93 silly addNameRange     '1.9.0',
93 silly addNameRange     '2.0.0',
93 silly addNameRange     '2.0.1',
93 silly addNameRange     '2.0.2',
93 silly addNameRange     '2.0.3',
93 silly addNameRange     '2.0.4',
93 silly addNameRange     '2.0.5',
93 silly addNameRange     '2.0.6',
93 silly addNameRange     '2.0.7',
93 silly addNameRange     '2.0.8',
93 silly addNameRange     '2.0.9',
93 silly addNameRange     '2.1.0',
93 silly addNameRange     '2.2.0',
93 silly addNameRange     '2.2.1',
93 silly addNameRange     '2.3.0',
93 silly addNameRange     '2.3.1',
93 silly addNameRange     '2.3.2',
93 silly addNameRange     '2.3.3',
93 silly addNameRange     '2.3.4',
93 silly addNameRange     '2.3.5',
93 silly addNameRange     '2.4.0',
93 silly addNameRange     '2.5.0',
93 silly addNameRange     '2.5.1',
93 silly addNameRange     '2.6.0',
93 silly addNameRange     '2.6.1',
93 silly addNameRange     '2.6.2',
93 silly addNameRange     '2.7.0',
93 silly addNameRange     '2.8.0',
93 silly addNameRange     '2.9.1',
93 silly addNameRange     '2.9.2',
93 silly addNameRange     '2.10.0' ] ]
94 silly addNamed nan@2.10.0
95 verbose addNamed "2.10.0" is a plain semver version for nan
96 silly mapToRegistry name nan
97 silly mapToRegistry using default registry
98 silly mapToRegistry registry https://registry.npmjs.org/
99 silly mapToRegistry uri https://registry.npmjs.org/nan
100 verbose addRemoteTarball https://registry.npmjs.org/nan/-/nan-2.10.0.tgz not in flight; adding
101 verbose addRemoteTarball [ 'https://registry.npmjs.org/nan/-/nan-2.10.0.tgz',
101 verbose addRemoteTarball   '96d0cd610ebd58d4b4de9cc0c6828cda99c7548f' ]
102 info retry fetch attempt 1 at 16:29:11
103 info attempt registry request try #1 at 16:29:11
104 http fetch GET https://registry.npmjs.org/nan/-/nan-2.10.0.tgz
105 http fetch 200 https://registry.npmjs.org/nan/-/nan-2.10.0.tgz
106 silly fetchAndShaCheck shasum 96d0cd610ebd58d4b4de9cc0c6828cda99c7548f
107 verbose addTmpTarball /tmp/npm-16475-9d39da92/registry.npmjs.org/nan/-/nan-2.10.0.tgz not in flight; adding
108 verbose addTmpTarball already have metadata; skipping unpack for nan@2.10.0
109 silly cache afterAdd nan@2.10.0
110 verbose afterAdd /home/alex-pc/.npm/nan/2.10.0/package/package.json not in flight; writing
111 verbose afterAdd /home/alex-pc/.npm/nan/2.10.0/package/package.json written
112 silly fetchNamedPackageData fsevents
113 silly mapToRegistry name fsevents
114 silly mapToRegistry using default registry
115 silly mapToRegistry registry https://registry.npmjs.org/
116 silly mapToRegistry uri https://registry.npmjs.org/fsevents
117 verbose request uri https://registry.npmjs.org/fsevents
118 verbose request no auth needed
119 info attempt registry request try #1 at 16:29:11
120 verbose etag W/"1f6c1f25b9f645ad374c652ec54b1ad9"
121 verbose lastModified Sun, 27 May 2018 01:18:06 GMT
122 http request GET https://registry.npmjs.org/fsevents
123 http 304 https://registry.npmjs.org/fsevents
124 verbose headers { date: 'Tue, 31 Jul 2018 13:29:11 GMT',
124 verbose headers   connection: 'keep-alive',
124 verbose headers   'set-cookie':
124 verbose headers    [ '__cfduid=db48bbed965292023100b1bb96dcf263e1533043751; expires=Wed, 31-Jul-19 13:29:11 GMT; path=/; domain=.registry.npmjs.org; HttpOnly' ],
124 verbose headers   'cache-control': 'max-age=300',
124 verbose headers   'cf-cache-status': 'HIT',
124 verbose headers   'cf-ray': '44306999df068b94-KBP',
124 verbose headers   etag: '"1f6c1f25b9f645ad374c652ec54b1ad9"',
124 verbose headers   'expect-ct': 'max-age=604800, report-uri="https://report-uri.cloudflare.com/cdn-cgi/beacon/expect-ct"',
124 verbose headers   'last-modified': 'Sun, 27 May 2018 01:18:06 GMT',
124 verbose headers   vary: 'accept-encoding, accept',
124 verbose headers   server: 'cloudflare' }
125 silly get cb [ 304,
125 silly get   { date: 'Tue, 31 Jul 2018 13:29:11 GMT',
125 silly get     connection: 'keep-alive',
125 silly get     'set-cookie':
125 silly get      [ '__cfduid=db48bbed965292023100b1bb96dcf263e1533043751; expires=Wed, 31-Jul-19 13:29:11 GMT; path=/; domain=.registry.npmjs.org; HttpOnly' ],
125 silly get     'cache-control': 'max-age=300',
125 silly get     'cf-cache-status': 'HIT',
125 silly get     'cf-ray': '44306999df068b94-KBP',
125 silly get     etag: '"1f6c1f25b9f645ad374c652ec54b1ad9"',
125 silly get     'expect-ct': 'max-age=604800, report-uri="https://report-uri.cloudflare.com/cdn-cgi/beacon/expect-ct"',
125 silly get     'last-modified': 'Sun, 27 May 2018 01:18:06 GMT',
125 silly get     vary: 'accept-encoding, accept',
125 silly get     server: 'cloudflare' } ]
126 verbose etag https://registry.npmjs.org/fsevents from cache
127 verbose get saving fsevents to /home/alex-pc/.npm/registry.npmjs.org/fsevents/.cache.json
128 silly resolveWithNewModule fsevents@1.2.4 checking installable status
129 silly loadAllDepsIntoIdealTree Finishing
130 silly idealTree:prePrune server@0.0.0
130 silly idealTree:prePrune ├── accepts@1.3.5
130 silly idealTree:prePrune ├── acorn-globals@1.0.9
130 silly idealTree:prePrune ├── acorn@2.7.0
130 silly idealTree:prePrune ├── align-text@0.1.4
130 silly idealTree:prePrune ├── amdefine@1.0.1
130 silly idealTree:prePrune ├── ansi-regex@2.1.1
130 silly idealTree:prePrune ├── ansi-styles@2.2.1
130 silly idealTree:prePrune ├── anymatch@1.3.2
130 silly idealTree:prePrune ├── arr-diff@2.0.0
130 silly idealTree:prePrune ├── arr-flatten@1.1.0
130 silly idealTree:prePrune ├── array-flatten@1.1.1
130 silly idealTree:prePrune ├── array-unique@0.2.1
130 silly idealTree:prePrune ├── asap@1.0.0
130 silly idealTree:prePrune ├── async-each@1.0.1
130 silly idealTree:prePrune ├── async@2.6.1
130 silly idealTree:prePrune ├─┬ babel-cli@6.26.0
130 silly idealTree:prePrune │ ├── commander@2.16.0
130 silly idealTree:prePrune │ └── source-map@0.5.7
130 silly idealTree:prePrune ├── babel-code-frame@6.26.0
130 silly idealTree:prePrune ├─┬ babel-core@6.26.3
130 silly idealTree:prePrune │ └── source-map@0.5.7
130 silly idealTree:prePrune ├─┬ babel-generator@6.26.1
130 silly idealTree:prePrune │ └── source-map@0.5.7
130 silly idealTree:prePrune ├── babel-helper-call-delegate@6.24.1
130 silly idealTree:prePrune ├── babel-helper-define-map@6.26.0
130 silly idealTree:prePrune ├── babel-helper-function-name@6.24.1
130 silly idealTree:prePrune ├── babel-helper-get-function-arity@6.24.1
130 silly idealTree:prePrune ├── babel-helper-hoist-variables@6.24.1
130 silly idealTree:prePrune ├── babel-helper-optimise-call-expression@6.24.1
130 silly idealTree:prePrune ├── babel-helper-regex@6.26.0
130 silly idealTree:prePrune ├── babel-helper-replace-supers@6.24.1
130 silly idealTree:prePrune ├── babel-helpers@6.24.1
130 silly idealTree:prePrune ├── babel-messages@6.23.0
130 silly idealTree:prePrune ├── babel-plugin-check-es2015-constants@6.22.0
130 silly idealTree:prePrune ├── babel-plugin-transform-es2015-arrow-functions@6.22.0
130 silly idealTree:prePrune ├── babel-plugin-transform-es2015-block-scoped-functions@6.22.0
130 silly idealTree:prePrune ├── babel-plugin-transform-es2015-block-scoping@6.26.0
130 silly idealTree:prePrune ├── babel-plugin-transform-es2015-classes@6.24.1
130 silly idealTree:prePrune ├── babel-plugin-transform-es2015-computed-properties@6.24.1
130 silly idealTree:prePrune ├── babel-plugin-transform-es2015-destructuring@6.23.0
130 silly idealTree:prePrune ├── babel-plugin-transform-es2015-duplicate-keys@6.24.1
130 silly idealTree:prePrune ├── babel-plugin-transform-es2015-for-of@6.23.0
130 silly idealTree:prePrune ├── babel-plugin-transform-es2015-function-name@6.24.1
130 silly idealTree:prePrune ├── babel-plugin-transform-es2015-literals@6.22.0
130 silly idealTree:prePrune ├── babel-plugin-transform-es2015-modules-amd@6.24.1
130 silly idealTree:prePrune ├── babel-plugin-transform-es2015-modules-commonjs@6.26.2
130 silly idealTree:prePrune ├── babel-plugin-transform-es2015-modules-systemjs@6.24.1
130 silly idealTree:prePrune ├── babel-plugin-transform-es2015-modules-umd@6.24.1
130 silly idealTree:prePrune ├── babel-plugin-transform-es2015-object-super@6.24.1
130 silly idealTree:prePrune ├── babel-plugin-transform-es2015-parameters@6.24.1
130 silly idealTree:prePrune ├── babel-plugin-transform-es2015-shorthand-properties@6.24.1
130 silly idealTree:prePrune ├── babel-plugin-transform-es2015-spread@6.22.0
130 silly idealTree:prePrune ├── babel-plugin-transform-es2015-sticky-regex@6.24.1
130 silly idealTree:prePrune ├── babel-plugin-transform-es2015-template-literals@6.22.0
130 silly idealTree:prePrune ├── babel-plugin-transform-es2015-typeof-symbol@6.23.0
130 silly idealTree:prePrune ├── babel-plugin-transform-es2015-unicode-regex@6.24.1
130 silly idealTree:prePrune ├── babel-plugin-transform-regenerator@6.26.0
130 silly idealTree:prePrune ├── babel-plugin-transform-strict-mode@6.24.1
130 silly idealTree:prePrune ├─┬ babel-polyfill@6.26.0
130 silly idealTree:prePrune │ └── regenerator-runtime@0.10.5
130 silly idealTree:prePrune ├── babel-preset-es2015@6.24.1
130 silly idealTree:prePrune ├── babel-register@6.26.0
130 silly idealTree:prePrune ├── babel-runtime@6.26.0
130 silly idealTree:prePrune ├── babel-template@6.26.0
130 silly idealTree:prePrune ├── babel-traverse@6.26.0
130 silly idealTree:prePrune ├── babel-types@6.26.0
130 silly idealTree:prePrune ├── babylon@6.18.0
130 silly idealTree:prePrune ├── balanced-match@1.0.0
130 silly idealTree:prePrune ├── basic-auth@2.0.0
130 silly idealTree:prePrune ├── binary-extensions@1.11.0
130 silly idealTree:prePrune ├── bluebird@3.5.1
130 silly idealTree:prePrune ├── body-parser@1.18.3
130 silly idealTree:prePrune ├── brace-expansion@1.1.11
130 silly idealTree:prePrune ├── braces@1.8.5
130 silly idealTree:prePrune ├── bytes@3.0.0
130 silly idealTree:prePrune ├── camelcase@1.2.1
130 silly idealTree:prePrune ├── canvas@1.6.11
130 silly idealTree:prePrune ├── center-align@0.1.3
130 silly idealTree:prePrune ├── chalk@1.1.3
130 silly idealTree:prePrune ├── character-parser@1.2.1
130 silly idealTree:prePrune ├── chokidar@1.7.0
130 silly idealTree:prePrune ├─┬ clean-css@3.4.28
130 silly idealTree:prePrune │ └── commander@2.8.1
130 silly idealTree:prePrune ├─┬ cliui@2.1.0
130 silly idealTree:prePrune │ └── wordwrap@0.0.2
130 silly idealTree:prePrune ├── commander@2.6.0
130 silly idealTree:prePrune ├── concat-map@0.0.1
130 silly idealTree:prePrune ├── connect-history-api-fallback@1.5.0
130 silly idealTree:prePrune ├── consolidate@0.15.1
130 silly idealTree:prePrune ├── constantinople@3.0.2
130 silly idealTree:prePrune ├── content-disposition@0.5.2
130 silly idealTree:prePrune ├── content-type@1.0.4
130 silly idealTree:prePrune ├── convert-source-map@1.5.1
130 silly idealTree:prePrune ├── cookie-parser@1.4.3
130 silly idealTree:prePrune ├── cookie-signature@1.0.6
130 silly idealTree:prePrune ├── cookie@0.3.1
130 silly idealTree:prePrune ├── core-js@2.5.7
130 silly idealTree:prePrune ├── core-util-is@1.0.2
130 silly idealTree:prePrune ├── crc@3.4.4
130 silly idealTree:prePrune ├── crypto@1.0.1
130 silly idealTree:prePrune ├── css-parse@1.0.4
130 silly idealTree:prePrune ├── css-stringify@1.0.5
130 silly idealTree:prePrune ├── css@1.0.8
130 silly idealTree:prePrune ├── debug@2.6.9
130 silly idealTree:prePrune ├── decamelize@1.2.0
130 silly idealTree:prePrune ├── depd@1.1.2
130 silly idealTree:prePrune ├── destroy@1.0.4
130 silly idealTree:prePrune ├── detect-indent@4.0.0
130 silly idealTree:prePrune ├── ee-first@1.1.1
130 silly idealTree:prePrune ├── encodeurl@1.0.2
130 silly idealTree:prePrune ├── escape-html@1.0.3
130 silly idealTree:prePrune ├── escape-string-regexp@1.0.5
130 silly idealTree:prePrune ├── esutils@2.0.2
130 silly idealTree:prePrune ├── etag@1.8.1
130 silly idealTree:prePrune ├── executive@1.6.3
130 silly idealTree:prePrune ├── expand-brackets@0.1.5
130 silly idealTree:prePrune ├── expand-range@1.8.2
130 silly idealTree:prePrune ├── express-session@1.15.6
130 silly idealTree:prePrune ├─┬ express@4.16.3
130 silly idealTree:prePrune │ ├── body-parser@1.18.2
130 silly idealTree:prePrune │ ├── iconv-lite@0.4.19
130 silly idealTree:prePrune │ ├── qs@6.5.1
130 silly idealTree:prePrune │ ├─┬ raw-body@2.3.2
130 silly idealTree:prePrune │ │ ├── depd@1.1.1
130 silly idealTree:prePrune │ │ ├── http-errors@1.6.2
130 silly idealTree:prePrune │ │ └── setprototypeof@1.0.3
130 silly idealTree:prePrune │ └── statuses@1.4.0
130 silly idealTree:prePrune ├── extglob@0.3.2
130 silly idealTree:prePrune ├── filename-regex@2.0.1
130 silly idealTree:prePrune ├── fill-range@2.2.4
130 silly idealTree:prePrune ├─┬ finalhandler@1.1.1
130 silly idealTree:prePrune │ └── statuses@1.4.0
130 silly idealTree:prePrune ├── for-in@1.0.2
130 silly idealTree:prePrune ├── for-own@0.1.5
130 silly idealTree:prePrune ├── forwarded@0.1.2
130 silly idealTree:prePrune ├── fresh@0.5.2
130 silly idealTree:prePrune ├── fs-readdir-recursive@1.1.0
130 silly idealTree:prePrune ├── fs.realpath@1.0.0
130 silly idealTree:prePrune ├── fs@0.0.1-security
130 silly idealTree:prePrune ├── glob-base@0.3.0
130 silly idealTree:prePrune ├── glob-parent@2.0.0
130 silly idealTree:prePrune ├── glob@7.1.2
130 silly idealTree:prePrune ├── globals@9.18.0
130 silly idealTree:prePrune ├── graceful-fs@4.1.11
130 silly idealTree:prePrune ├── graceful-readlink@1.0.1
130 silly idealTree:prePrune ├── has-ansi@2.0.0
130 silly idealTree:prePrune ├── home-or-tmp@2.0.0
130 silly idealTree:prePrune ├── http-errors@1.6.3
130 silly idealTree:prePrune ├── iconv-lite@0.4.23
130 silly idealTree:prePrune ├── image-size@0.6.3
130 silly idealTree:prePrune ├── imagemagick@0.1.3
130 silly idealTree:prePrune ├── inflight@1.0.6
130 silly idealTree:prePrune ├── inherits@2.0.3
130 silly idealTree:prePrune ├── invariant@2.2.4
130 silly idealTree:prePrune ├── ipaddr.js@1.6.0
130 silly idealTree:prePrune ├── is-binary-path@1.0.1
130 silly idealTree:prePrune ├── is-buffer@1.1.6
130 silly idealTree:prePrune ├── is-dotfile@1.0.3
130 silly idealTree:prePrune ├── is-equal-shallow@0.1.3
130 silly idealTree:prePrune ├── is-extendable@0.1.1
130 silly idealTree:prePrune ├── is-extglob@1.0.0
130 silly idealTree:prePrune ├── is-finite@1.0.2
130 silly idealTree:prePrune ├── is-glob@2.0.1
130 silly idealTree:prePrune ├── is-number@2.1.0
130 silly idealTree:prePrune ├── is-posix-bracket@0.1.1
130 silly idealTree:prePrune ├── is-primitive@2.0.0
130 silly idealTree:prePrune ├── is-promise@2.1.0
130 silly idealTree:prePrune ├── isarray@1.0.0
130 silly idealTree:prePrune ├── isobject@2.1.0
130 silly idealTree:prePrune ├── jade@1.11.0
130 silly idealTree:prePrune ├── js-tokens@3.0.2
130 silly idealTree:prePrune ├── jsesc@1.3.0
130 silly idealTree:prePrune ├── json5@0.5.1
130 silly idealTree:prePrune ├── jstransformer@0.0.2
130 silly idealTree:prePrune ├── kind-of@3.2.2
130 silly idealTree:prePrune ├── lazy-cache@1.0.4
130 silly idealTree:prePrune ├── lodash@4.17.10
130 silly idealTree:prePrune ├── longest@1.0.1
130 silly idealTree:prePrune ├── loose-envify@1.4.0
130 silly idealTree:prePrune ├── lz-string@1.4.4
130 silly idealTree:prePrune ├── math-random@1.0.1
130 silly idealTree:prePrune ├── media-typer@0.3.0
130 silly idealTree:prePrune ├── merge-descriptors@1.0.1
130 silly idealTree:prePrune ├── merge-images@1.1.0
130 silly idealTree:prePrune ├── methods@1.1.2
130 silly idealTree:prePrune ├── micromatch@2.3.11
130 silly idealTree:prePrune ├── mime-db@1.35.0
130 silly idealTree:prePrune ├── mime-types@2.1.19
130 silly idealTree:prePrune ├── mime@1.4.1
130 silly idealTree:prePrune ├── minimatch@3.0.4
130 silly idealTree:prePrune ├── minimist@0.0.8
130 silly idealTree:prePrune ├── mkdirp@0.5.1
130 silly idealTree:prePrune ├── morgan@1.9.0
130 silly idealTree:prePrune ├── ms@2.0.0
130 silly idealTree:prePrune ├── mustache@2.3.0
130 silly idealTree:prePrune ├── nan@2.10.0
130 silly idealTree:prePrune ├── negotiator@0.6.1
130 silly idealTree:prePrune ├── normalize-path@2.1.1
130 silly idealTree:prePrune ├── number-is-nan@1.0.1
130 silly idealTree:prePrune ├── object-assign@4.1.1
130 silly idealTree:prePrune ├── object.omit@2.0.1
130 silly idealTree:prePrune ├── on-finished@2.3.0
130 silly idealTree:prePrune ├── on-headers@1.0.1
130 silly idealTree:prePrune ├── once@1.4.0
130 silly idealTree:prePrune ├── optimist@0.3.7
130 silly idealTree:prePrune ├── os-homedir@1.0.2
130 silly idealTree:prePrune ├── os-tmpdir@1.0.2
130 silly idealTree:prePrune ├── output-file-sync@1.1.2
130 silly idealTree:prePrune ├── parse-glob@3.0.4
130 silly idealTree:prePrune ├── parseurl@1.3.2
130 silly idealTree:prePrune ├── path-is-absolute@1.0.1
130 silly idealTree:prePrune ├── path-to-regexp@0.1.7
130 silly idealTree:prePrune ├── preserve@0.2.0
130 silly idealTree:prePrune ├── private@0.1.8
130 silly idealTree:prePrune ├── process-nextick-args@2.0.0
130 silly idealTree:prePrune ├── promise@6.1.0
130 silly idealTree:prePrune ├── proxy-addr@2.0.3
130 silly idealTree:prePrune ├── qs@6.5.2
130 silly idealTree:prePrune ├── random-bytes@1.0.0
130 silly idealTree:prePrune ├─┬ randomatic@3.0.0
130 silly idealTree:prePrune │ ├── is-number@4.0.0
130 silly idealTree:prePrune │ └── kind-of@6.0.2
130 silly idealTree:prePrune ├── range-parser@1.2.0
130 silly idealTree:prePrune ├── raw-body@2.3.3
130 silly idealTree:prePrune ├── readable-stream@2.3.6
130 silly idealTree:prePrune ├── readdirp@2.1.0
130 silly idealTree:prePrune ├── regenerate@1.4.0
130 silly idealTree:prePrune ├── regenerator-runtime@0.11.1
130 silly idealTree:prePrune ├── regenerator-transform@0.10.1
130 silly idealTree:prePrune ├── regex-cache@0.4.4
130 silly idealTree:prePrune ├── regexpu-core@2.0.0
130 silly idealTree:prePrune ├── regjsgen@0.2.0
130 silly idealTree:prePrune ├─┬ regjsparser@0.1.5
130 silly idealTree:prePrune │ └── jsesc@0.5.0
130 silly idealTree:prePrune ├── remove-trailing-separator@1.1.0
130 silly idealTree:prePrune ├── repeat-element@1.1.2
130 silly idealTree:prePrune ├── repeat-string@1.6.1
130 silly idealTree:prePrune ├── repeating@2.0.1
130 silly idealTree:prePrune ├── right-align@0.1.3
130 silly idealTree:prePrune ├── safe-buffer@5.1.1
130 silly idealTree:prePrune ├── safer-buffer@2.1.2
130 silly idealTree:prePrune ├─┬ send@0.16.2
130 silly idealTree:prePrune │ └── statuses@1.4.0
130 silly idealTree:prePrune ├── serve-static@1.13.2
130 silly idealTree:prePrune ├── set-immediate-shim@1.0.1
130 silly idealTree:prePrune ├── setprototypeof@1.1.0
130 silly idealTree:prePrune ├── slash@1.0.0
130 silly idealTree:prePrune ├─┬ source-map-support@0.4.18
130 silly idealTree:prePrune │ └── source-map@0.5.7
130 silly idealTree:prePrune ├── source-map@0.4.4
130 silly idealTree:prePrune ├── statuses@1.5.0
130 silly idealTree:prePrune ├── string_decoder@1.1.1
130 silly idealTree:prePrune ├── strip-ansi@3.0.1
130 silly idealTree:prePrune ├── supports-color@2.0.0
130 silly idealTree:prePrune ├── sys@0.0.1
130 silly idealTree:prePrune ├── to-fast-properties@1.0.3
130 silly idealTree:prePrune ├─┬ transformers@2.1.0
130 silly idealTree:prePrune │ ├── is-promise@1.0.1
130 silly idealTree:prePrune │ ├── promise@2.0.0
130 silly idealTree:prePrune │ ├── source-map@0.1.43
130 silly idealTree:prePrune │ └── uglify-js@2.2.5
130 silly idealTree:prePrune ├── trim-right@1.0.1
130 silly idealTree:prePrune ├── type-is@1.6.16
130 silly idealTree:prePrune ├─┬ uglify-js@2.8.29
130 silly idealTree:prePrune │ └── source-map@0.5.7
130 silly idealTree:prePrune ├── uglify-to-browserify@1.0.2
130 silly idealTree:prePrune ├── uid-safe@2.1.5
130 silly idealTree:prePrune ├── unpipe@1.0.0
130 silly idealTree:prePrune ├── user-home@1.1.1
130 silly idealTree:prePrune ├── util-deprecate@1.0.2
130 silly idealTree:prePrune ├── utils-merge@1.0.1
130 silly idealTree:prePrune ├── v8flags@2.1.1
130 silly idealTree:prePrune ├── vary@1.1.2
130 silly idealTree:prePrune ├── void-elements@2.0.1
130 silly idealTree:prePrune ├── window-size@0.1.0
130 silly idealTree:prePrune ├─┬ with@4.0.3
130 silly idealTree:prePrune │ └── acorn@1.2.2
130 silly idealTree:prePrune ├── wordwrap@0.0.3
130 silly idealTree:prePrune ├── wrappy@1.0.2
130 silly idealTree:prePrune └── yargs@3.10.0
131 silly loadIdealTree Finishing
132 silly currentTree server@0.0.0
132 silly currentTree ├── accepts@1.3.5
132 silly currentTree ├── acorn-globals@1.0.9
132 silly currentTree ├── acorn@2.7.0
132 silly currentTree ├── align-text@0.1.4
132 silly currentTree ├── amdefine@1.0.1
132 silly currentTree ├── ansi-regex@2.1.1
132 silly currentTree ├── ansi-styles@2.2.1
132 silly currentTree ├── anymatch@1.3.2
132 silly currentTree ├── arr-diff@2.0.0
132 silly currentTree ├── arr-flatten@1.1.0
132 silly currentTree ├── array-flatten@1.1.1
132 silly currentTree ├── array-unique@0.2.1
132 silly currentTree ├── asap@1.0.0
132 silly currentTree ├── async-each@1.0.1
132 silly currentTree ├── async@2.6.1
132 silly currentTree ├─┬ babel-cli@6.26.0
132 silly currentTree │ ├── commander@2.16.0
132 silly currentTree │ └── source-map@0.5.7
132 silly currentTree ├── babel-code-frame@6.26.0
132 silly currentTree ├─┬ babel-core@6.26.3
132 silly currentTree │ └── source-map@0.5.7
132 silly currentTree ├─┬ babel-generator@6.26.1
132 silly currentTree │ └── source-map@0.5.7
132 silly currentTree ├── babel-helper-call-delegate@6.24.1
132 silly currentTree ├── babel-helper-define-map@6.26.0
132 silly currentTree ├── babel-helper-function-name@6.24.1
132 silly currentTree ├── babel-helper-get-function-arity@6.24.1
132 silly currentTree ├── babel-helper-hoist-variables@6.24.1
132 silly currentTree ├── babel-helper-optimise-call-expression@6.24.1
132 silly currentTree ├── babel-helper-regex@6.26.0
132 silly currentTree ├── babel-helper-replace-supers@6.24.1
132 silly currentTree ├── babel-helpers@6.24.1
132 silly currentTree ├── babel-messages@6.23.0
132 silly currentTree ├── babel-plugin-check-es2015-constants@6.22.0
132 silly currentTree ├── babel-plugin-transform-es2015-arrow-functions@6.22.0
132 silly currentTree ├── babel-plugin-transform-es2015-block-scoped-functions@6.22.0
132 silly currentTree ├── babel-plugin-transform-es2015-block-scoping@6.26.0
132 silly currentTree ├── babel-plugin-transform-es2015-classes@6.24.1
132 silly currentTree ├── babel-plugin-transform-es2015-computed-properties@6.24.1
132 silly currentTree ├── babel-plugin-transform-es2015-destructuring@6.23.0
132 silly currentTree ├── babel-plugin-transform-es2015-duplicate-keys@6.24.1
132 silly currentTree ├── babel-plugin-transform-es2015-for-of@6.23.0
132 silly currentTree ├── babel-plugin-transform-es2015-function-name@6.24.1
132 silly currentTree ├── babel-plugin-transform-es2015-literals@6.22.0
132 silly currentTree ├── babel-plugin-transform-es2015-modules-amd@6.24.1
132 silly currentTree ├── babel-plugin-transform-es2015-modules-commonjs@6.26.2
132 silly currentTree ├── babel-plugin-transform-es2015-modules-systemjs@6.24.1
132 silly currentTree ├── babel-plugin-transform-es2015-modules-umd@6.24.1
132 silly currentTree ├── babel-plugin-transform-es2015-object-super@6.24.1
132 silly currentTree ├── babel-plugin-transform-es2015-parameters@6.24.1
132 silly currentTree ├── babel-plugin-transform-es2015-shorthand-properties@6.24.1
132 silly currentTree ├── babel-plugin-transform-es2015-spread@6.22.0
132 silly currentTree ├── babel-plugin-transform-es2015-sticky-regex@6.24.1
132 silly currentTree ├── babel-plugin-transform-es2015-template-literals@6.22.0
132 silly currentTree ├── babel-plugin-transform-es2015-typeof-symbol@6.23.0
132 silly currentTree ├── babel-plugin-transform-es2015-unicode-regex@6.24.1
132 silly currentTree ├── babel-plugin-transform-regenerator@6.26.0
132 silly currentTree ├── babel-plugin-transform-strict-mode@6.24.1
132 silly currentTree ├─┬ babel-polyfill@6.26.0
132 silly currentTree │ └── regenerator-runtime@0.10.5
132 silly currentTree ├── babel-preset-es2015@6.24.1
132 silly currentTree ├── babel-register@6.26.0
132 silly currentTree ├── babel-runtime@6.26.0
132 silly currentTree ├── babel-template@6.26.0
132 silly currentTree ├── babel-traverse@6.26.0
132 silly currentTree ├── babel-types@6.26.0
132 silly currentTree ├── babylon@6.18.0
132 silly currentTree ├── balanced-match@1.0.0
132 silly currentTree ├── basic-auth@2.0.0
132 silly currentTree ├── binary-extensions@1.11.0
132 silly currentTree ├── bluebird@3.5.1
132 silly currentTree ├── body-parser@1.18.3
132 silly currentTree ├── brace-expansion@1.1.11
132 silly currentTree ├── braces@1.8.5
132 silly currentTree ├── bytes@3.0.0
132 silly currentTree ├── camelcase@1.2.1
132 silly currentTree ├── center-align@0.1.3
132 silly currentTree ├── chalk@1.1.3
132 silly currentTree ├── character-parser@1.2.1
132 silly currentTree ├── chokidar@1.7.0
132 silly currentTree ├─┬ clean-css@3.4.28
132 silly currentTree │ └── commander@2.8.1
132 silly currentTree ├─┬ cliui@2.1.0
132 silly currentTree │ └── wordwrap@0.0.2
132 silly currentTree ├── commander@2.6.0
132 silly currentTree ├── concat-map@0.0.1
132 silly currentTree ├── connect-history-api-fallback@1.5.0
132 silly currentTree ├── consolidate@0.15.1
132 silly currentTree ├── constantinople@3.0.2
132 silly currentTree ├── content-disposition@0.5.2
132 silly currentTree ├── content-type@1.0.4
132 silly currentTree ├── convert-source-map@1.5.1
132 silly currentTree ├── cookie-parser@1.4.3
132 silly currentTree ├── cookie-signature@1.0.6
132 silly currentTree ├── cookie@0.3.1
132 silly currentTree ├── core-js@2.5.7
132 silly currentTree ├── core-util-is@1.0.2
132 silly currentTree ├── crc@3.4.4
132 silly currentTree ├── crypto@1.0.1
132 silly currentTree ├── css-parse@1.0.4
132 silly currentTree ├── css-stringify@1.0.5
132 silly currentTree ├── css@1.0.8
132 silly currentTree ├── debug@2.6.9
132 silly currentTree ├── decamelize@1.2.0
132 silly currentTree ├── depd@1.1.2
132 silly currentTree ├── destroy@1.0.4
132 silly currentTree ├── detect-indent@4.0.0
132 silly currentTree ├── ee-first@1.1.1
132 silly currentTree ├── encodeurl@1.0.2
132 silly currentTree ├── escape-html@1.0.3
132 silly currentTree ├── escape-string-regexp@1.0.5
132 silly currentTree ├── esutils@2.0.2
132 silly currentTree ├── etag@1.8.1
132 silly currentTree ├── executive@1.6.3
132 silly currentTree ├── expand-brackets@0.1.5
132 silly currentTree ├── expand-range@1.8.2
132 silly currentTree ├── express-session@1.15.6
132 silly currentTree ├─┬ express@4.16.3
132 silly currentTree │ ├── body-parser@1.18.2
132 silly currentTree │ ├── iconv-lite@0.4.19
132 silly currentTree │ ├── qs@6.5.1
132 silly currentTree │ ├─┬ raw-body@2.3.2
132 silly currentTree │ │ ├── depd@1.1.1
132 silly currentTree │ │ ├── http-errors@1.6.2
132 silly currentTree │ │ └── setprototypeof@1.0.3
132 silly currentTree │ └── statuses@1.4.0
132 silly currentTree ├── extglob@0.3.2
132 silly currentTree ├── filename-regex@2.0.1
132 silly currentTree ├── fill-range@2.2.4
132 silly currentTree ├─┬ finalhandler@1.1.1
132 silly currentTree │ └── statuses@1.4.0
132 silly currentTree ├── for-in@1.0.2
132 silly currentTree ├── for-own@0.1.5
132 silly currentTree ├── forwarded@0.1.2
132 silly currentTree ├── fresh@0.5.2
132 silly currentTree ├── fs-readdir-recursive@1.1.0
132 silly currentTree ├── fs.realpath@1.0.0
132 silly currentTree ├── fs@0.0.1-security
132 silly currentTree ├── glob-base@0.3.0
132 silly currentTree ├── glob-parent@2.0.0
132 silly currentTree ├── glob@7.1.2
132 silly currentTree ├── globals@9.18.0
132 silly currentTree ├── graceful-fs@4.1.11
132 silly currentTree ├── graceful-readlink@1.0.1
132 silly currentTree ├── has-ansi@2.0.0
132 silly currentTree ├── home-or-tmp@2.0.0
132 silly currentTree ├── http-errors@1.6.3
132 silly currentTree ├── iconv-lite@0.4.23
132 silly currentTree ├── image-size@0.6.3
132 silly currentTree ├── imagemagick@0.1.3
132 silly currentTree ├── inflight@1.0.6
132 silly currentTree ├── inherits@2.0.3
132 silly currentTree ├── invariant@2.2.4
132 silly currentTree ├── ipaddr.js@1.6.0
132 silly currentTree ├── is-binary-path@1.0.1
132 silly currentTree ├── is-buffer@1.1.6
132 silly currentTree ├── is-dotfile@1.0.3
132 silly currentTree ├── is-equal-shallow@0.1.3
132 silly currentTree ├── is-extendable@0.1.1
132 silly currentTree ├── is-extglob@1.0.0
132 silly currentTree ├── is-finite@1.0.2
132 silly currentTree ├── is-glob@2.0.1
132 silly currentTree ├── is-number@2.1.0
132 silly currentTree ├── is-posix-bracket@0.1.1
132 silly currentTree ├── is-primitive@2.0.0
132 silly currentTree ├── is-promise@2.1.0
132 silly currentTree ├── isarray@1.0.0
132 silly currentTree ├── isobject@2.1.0
132 silly currentTree ├── jade@1.11.0
132 silly currentTree ├── js-tokens@3.0.2
132 silly currentTree ├── jsesc@1.3.0
132 silly currentTree ├── json5@0.5.1
132 silly currentTree ├── jstransformer@0.0.2
132 silly currentTree ├── kind-of@3.2.2
132 silly currentTree ├── lazy-cache@1.0.4
132 silly currentTree ├── lodash@4.17.10
132 silly currentTree ├── longest@1.0.1
132 silly currentTree ├── loose-envify@1.4.0
132 silly currentTree ├── lz-string@1.4.4
132 silly currentTree ├── math-random@1.0.1
132 silly currentTree ├── media-typer@0.3.0
132 silly currentTree ├── merge-descriptors@1.0.1
132 silly currentTree ├── merge-images@1.1.0
132 silly currentTree ├── methods@1.1.2
132 silly currentTree ├── micromatch@2.3.11
132 silly currentTree ├── mime-db@1.35.0
132 silly currentTree ├── mime-types@2.1.19
132 silly currentTree ├── mime@1.4.1
132 silly currentTree ├── minimatch@3.0.4
132 silly currentTree ├── minimist@0.0.8
132 silly currentTree ├── mkdirp@0.5.1
132 silly currentTree ├── morgan@1.9.0
132 silly currentTree ├── ms@2.0.0
132 silly currentTree ├── mustache@2.3.0
132 silly currentTree ├── negotiator@0.6.1
132 silly currentTree ├── normalize-path@2.1.1
132 silly currentTree ├── number-is-nan@1.0.1
132 silly currentTree ├── object-assign@4.1.1
132 silly currentTree ├── object.omit@2.0.1
132 silly currentTree ├── on-finished@2.3.0
132 silly currentTree ├── on-headers@1.0.1
132 silly currentTree ├── once@1.4.0
132 silly currentTree ├── optimist@0.3.7
132 silly currentTree ├── os-homedir@1.0.2
132 silly currentTree ├── os-tmpdir@1.0.2
132 silly currentTree ├── output-file-sync@1.1.2
132 silly currentTree ├── parse-glob@3.0.4
132 silly currentTree ├── parseurl@1.3.2
132 silly currentTree ├── path-is-absolute@1.0.1
132 silly currentTree ├── path-to-regexp@0.1.7
132 silly currentTree ├── preserve@0.2.0
132 silly currentTree ├── private@0.1.8
132 silly currentTree ├── process-nextick-args@2.0.0
132 silly currentTree ├── promise@6.1.0
132 silly currentTree ├── proxy-addr@2.0.3
132 silly currentTree ├── qs@6.5.2
132 silly currentTree ├── random-bytes@1.0.0
132 silly currentTree ├─┬ randomatic@3.0.0
132 silly currentTree │ ├── is-number@4.0.0
132 silly currentTree │ └── kind-of@6.0.2
132 silly currentTree ├── range-parser@1.2.0
132 silly currentTree ├── raw-body@2.3.3
132 silly currentTree ├── readable-stream@2.3.6
132 silly currentTree ├── readdirp@2.1.0
132 silly currentTree ├── regenerate@1.4.0
132 silly currentTree ├── regenerator-runtime@0.11.1
132 silly currentTree ├── regenerator-transform@0.10.1
132 silly currentTree ├── regex-cache@0.4.4
132 silly currentTree ├── regexpu-core@2.0.0
132 silly currentTree ├── regjsgen@0.2.0
132 silly currentTree ├─┬ regjsparser@0.1.5
132 silly currentTree │ └── jsesc@0.5.0
132 silly currentTree ├── remove-trailing-separator@1.1.0
132 silly currentTree ├── repeat-element@1.1.2
132 silly currentTree ├── repeat-string@1.6.1
132 silly currentTree ├── repeating@2.0.1
132 silly currentTree ├── right-align@0.1.3
132 silly currentTree ├── safe-buffer@5.1.1
132 silly currentTree ├── safer-buffer@2.1.2
132 silly currentTree ├─┬ send@0.16.2
132 silly currentTree │ └── statuses@1.4.0
132 silly currentTree ├── serve-static@1.13.2
132 silly currentTree ├── set-immediate-shim@1.0.1
132 silly currentTree ├── setprototypeof@1.1.0
132 silly currentTree ├── slash@1.0.0
132 silly currentTree ├─┬ source-map-support@0.4.18
132 silly currentTree │ └── source-map@0.5.7
132 silly currentTree ├── source-map@0.4.4
132 silly currentTree ├── statuses@1.5.0
132 silly currentTree ├── string_decoder@1.1.1
132 silly currentTree ├── strip-ansi@3.0.1
132 silly currentTree ├── supports-color@2.0.0
132 silly currentTree ├── sys@0.0.1
132 silly currentTree ├── to-fast-properties@1.0.3
132 silly currentTree ├─┬ transformers@2.1.0
132 silly currentTree │ ├── is-promise@1.0.1
132 silly currentTree │ ├── promise@2.0.0
132 silly currentTree │ ├── source-map@0.1.43
132 silly currentTree │ └── uglify-js@2.2.5
132 silly currentTree ├── trim-right@1.0.1
132 silly currentTree ├── type-is@1.6.16
132 silly currentTree ├─┬ uglify-js@2.8.29
132 silly currentTree │ └── source-map@0.5.7
132 silly currentTree ├── uglify-to-browserify@1.0.2
132 silly currentTree ├── uid-safe@2.1.5
132 silly currentTree ├── unpipe@1.0.0
132 silly currentTree ├── user-home@1.1.1
132 silly currentTree ├── util-deprecate@1.0.2
132 silly currentTree ├── utils-merge@1.0.1
132 silly currentTree ├── v8flags@2.1.1
132 silly currentTree ├── vary@1.1.2
132 silly currentTree ├── void-elements@2.0.1
132 silly currentTree ├── window-size@0.1.0
132 silly currentTree ├─┬ with@4.0.3
132 silly currentTree │ └── acorn@1.2.2
132 silly currentTree ├── wordwrap@0.0.3
132 silly currentTree ├── wrappy@1.0.2
132 silly currentTree └── yargs@3.10.0
133 silly idealTree server@0.0.0
133 silly idealTree ├── accepts@1.3.5
133 silly idealTree ├── acorn-globals@1.0.9
133 silly idealTree ├── acorn@2.7.0
133 silly idealTree ├── align-text@0.1.4
133 silly idealTree ├── amdefine@1.0.1
133 silly idealTree ├── ansi-regex@2.1.1
133 silly idealTree ├── ansi-styles@2.2.1
133 silly idealTree ├── anymatch@1.3.2
133 silly idealTree ├── arr-diff@2.0.0
133 silly idealTree ├── arr-flatten@1.1.0
133 silly idealTree ├── array-flatten@1.1.1
133 silly idealTree ├── array-unique@0.2.1
133 silly idealTree ├── asap@1.0.0
133 silly idealTree ├── async-each@1.0.1
133 silly idealTree ├── async@2.6.1
133 silly idealTree ├─┬ babel-cli@6.26.0
133 silly idealTree │ ├── commander@2.16.0
133 silly idealTree │ └── source-map@0.5.7
133 silly idealTree ├── babel-code-frame@6.26.0
133 silly idealTree ├─┬ babel-core@6.26.3
133 silly idealTree │ └── source-map@0.5.7
133 silly idealTree ├─┬ babel-generator@6.26.1
133 silly idealTree │ └── source-map@0.5.7
133 silly idealTree ├── babel-helper-call-delegate@6.24.1
133 silly idealTree ├── babel-helper-define-map@6.26.0
133 silly idealTree ├── babel-helper-function-name@6.24.1
133 silly idealTree ├── babel-helper-get-function-arity@6.24.1
133 silly idealTree ├── babel-helper-hoist-variables@6.24.1
133 silly idealTree ├── babel-helper-optimise-call-expression@6.24.1
133 silly idealTree ├── babel-helper-regex@6.26.0
133 silly idealTree ├── babel-helper-replace-supers@6.24.1
133 silly idealTree ├── babel-helpers@6.24.1
133 silly idealTree ├── babel-messages@6.23.0
133 silly idealTree ├── babel-plugin-check-es2015-constants@6.22.0
133 silly idealTree ├── babel-plugin-transform-es2015-arrow-functions@6.22.0
133 silly idealTree ├── babel-plugin-transform-es2015-block-scoped-functions@6.22.0
133 silly idealTree ├── babel-plugin-transform-es2015-block-scoping@6.26.0
133 silly idealTree ├── babel-plugin-transform-es2015-classes@6.24.1
133 silly idealTree ├── babel-plugin-transform-es2015-computed-properties@6.24.1
133 silly idealTree ├── babel-plugin-transform-es2015-destructuring@6.23.0
133 silly idealTree ├── babel-plugin-transform-es2015-duplicate-keys@6.24.1
133 silly idealTree ├── babel-plugin-transform-es2015-for-of@6.23.0
133 silly idealTree ├── babel-plugin-transform-es2015-function-name@6.24.1
133 silly idealTree ├── babel-plugin-transform-es2015-literals@6.22.0
133 silly idealTree ├── babel-plugin-transform-es2015-modules-amd@6.24.1
133 silly idealTree ├── babel-plugin-transform-es2015-modules-commonjs@6.26.2
133 silly idealTree ├── babel-plugin-transform-es2015-modules-systemjs@6.24.1
133 silly idealTree ├── babel-plugin-transform-es2015-modules-umd@6.24.1
133 silly idealTree ├── babel-plugin-transform-es2015-object-super@6.24.1
133 silly idealTree ├── babel-plugin-transform-es2015-parameters@6.24.1
133 silly idealTree ├── babel-plugin-transform-es2015-shorthand-properties@6.24.1
133 silly idealTree ├── babel-plugin-transform-es2015-spread@6.22.0
133 silly idealTree ├── babel-plugin-transform-es2015-sticky-regex@6.24.1
133 silly idealTree ├── babel-plugin-transform-es2015-template-literals@6.22.0
133 silly idealTree ├── babel-plugin-transform-es2015-typeof-symbol@6.23.0
133 silly idealTree ├── babel-plugin-transform-es2015-unicode-regex@6.24.1
133 silly idealTree ├── babel-plugin-transform-regenerator@6.26.0
133 silly idealTree ├── babel-plugin-transform-strict-mode@6.24.1
133 silly idealTree ├─┬ babel-polyfill@6.26.0
133 silly idealTree │ └── regenerator-runtime@0.10.5
133 silly idealTree ├── babel-preset-es2015@6.24.1
133 silly idealTree ├── babel-register@6.26.0
133 silly idealTree ├── babel-runtime@6.26.0
133 silly idealTree ├── babel-template@6.26.0
133 silly idealTree ├── babel-traverse@6.26.0
133 silly idealTree ├── babel-types@6.26.0
133 silly idealTree ├── babylon@6.18.0
133 silly idealTree ├── balanced-match@1.0.0
133 silly idealTree ├── basic-auth@2.0.0
133 silly idealTree ├── binary-extensions@1.11.0
133 silly idealTree ├── bluebird@3.5.1
133 silly idealTree ├── body-parser@1.18.3
133 silly idealTree ├── brace-expansion@1.1.11
133 silly idealTree ├── braces@1.8.5
133 silly idealTree ├── bytes@3.0.0
133 silly idealTree ├── camelcase@1.2.1
133 silly idealTree ├── canvas@1.6.11
133 silly idealTree ├── center-align@0.1.3
133 silly idealTree ├── chalk@1.1.3
133 silly idealTree ├── character-parser@1.2.1
133 silly idealTree ├── chokidar@1.7.0
133 silly idealTree ├─┬ clean-css@3.4.28
133 silly idealTree │ └── commander@2.8.1
133 silly idealTree ├─┬ cliui@2.1.0
133 silly idealTree │ └── wordwrap@0.0.2
133 silly idealTree ├── commander@2.6.0
133 silly idealTree ├── concat-map@0.0.1
133 silly idealTree ├── connect-history-api-fallback@1.5.0
133 silly idealTree ├── consolidate@0.15.1
133 silly idealTree ├── constantinople@3.0.2
133 silly idealTree ├── content-disposition@0.5.2
133 silly idealTree ├── content-type@1.0.4
133 silly idealTree ├── convert-source-map@1.5.1
133 silly idealTree ├── cookie-parser@1.4.3
133 silly idealTree ├── cookie-signature@1.0.6
133 silly idealTree ├── cookie@0.3.1
133 silly idealTree ├── core-js@2.5.7
133 silly idealTree ├── core-util-is@1.0.2
133 silly idealTree ├── crc@3.4.4
133 silly idealTree ├── crypto@1.0.1
133 silly idealTree ├── css-parse@1.0.4
133 silly idealTree ├── css-stringify@1.0.5
133 silly idealTree ├── css@1.0.8
133 silly idealTree ├── debug@2.6.9
133 silly idealTree ├── decamelize@1.2.0
133 silly idealTree ├── depd@1.1.2
133 silly idealTree ├── destroy@1.0.4
133 silly idealTree ├── detect-indent@4.0.0
133 silly idealTree ├── ee-first@1.1.1
133 silly idealTree ├── encodeurl@1.0.2
133 silly idealTree ├── escape-html@1.0.3
133 silly idealTree ├── escape-string-regexp@1.0.5
133 silly idealTree ├── esutils@2.0.2
133 silly idealTree ├── etag@1.8.1
133 silly idealTree ├── executive@1.6.3
133 silly idealTree ├── expand-brackets@0.1.5
133 silly idealTree ├── expand-range@1.8.2
133 silly idealTree ├── express-session@1.15.6
133 silly idealTree ├─┬ express@4.16.3
133 silly idealTree │ ├── body-parser@1.18.2
133 silly idealTree │ ├── iconv-lite@0.4.19
133 silly idealTree │ ├── qs@6.5.1
133 silly idealTree │ ├─┬ raw-body@2.3.2
133 silly idealTree │ │ ├── depd@1.1.1
133 silly idealTree │ │ ├── http-errors@1.6.2
133 silly idealTree │ │ └── setprototypeof@1.0.3
133 silly idealTree │ └── statuses@1.4.0
133 silly idealTree ├── extglob@0.3.2
133 silly idealTree ├── filename-regex@2.0.1
133 silly idealTree ├── fill-range@2.2.4
133 silly idealTree ├─┬ finalhandler@1.1.1
133 silly idealTree │ └── statuses@1.4.0
133 silly idealTree ├── for-in@1.0.2
133 silly idealTree ├── for-own@0.1.5
133 silly idealTree ├── forwarded@0.1.2
133 silly idealTree ├── fresh@0.5.2
133 silly idealTree ├── fs-readdir-recursive@1.1.0
133 silly idealTree ├── fs.realpath@1.0.0
133 silly idealTree ├── fs@0.0.1-security
133 silly idealTree ├── glob-base@0.3.0
133 silly idealTree ├── glob-parent@2.0.0
133 silly idealTree ├── glob@7.1.2
133 silly idealTree ├── globals@9.18.0
133 silly idealTree ├── graceful-fs@4.1.11
133 silly idealTree ├── graceful-readlink@1.0.1
133 silly idealTree ├── has-ansi@2.0.0
133 silly idealTree ├── home-or-tmp@2.0.0
133 silly idealTree ├── http-errors@1.6.3
133 silly idealTree ├── iconv-lite@0.4.23
133 silly idealTree ├── image-size@0.6.3
133 silly idealTree ├── imagemagick@0.1.3
133 silly idealTree ├── inflight@1.0.6
133 silly idealTree ├── inherits@2.0.3
133 silly idealTree ├── invariant@2.2.4
133 silly idealTree ├── ipaddr.js@1.6.0
133 silly idealTree ├── is-binary-path@1.0.1
133 silly idealTree ├── is-buffer@1.1.6
133 silly idealTree ├── is-dotfile@1.0.3
133 silly idealTree ├── is-equal-shallow@0.1.3
133 silly idealTree ├── is-extendable@0.1.1
133 silly idealTree ├── is-extglob@1.0.0
133 silly idealTree ├── is-finite@1.0.2
133 silly idealTree ├── is-glob@2.0.1
133 silly idealTree ├── is-number@2.1.0
133 silly idealTree ├── is-posix-bracket@0.1.1
133 silly idealTree ├── is-primitive@2.0.0
133 silly idealTree ├── is-promise@2.1.0
133 silly idealTree ├── isarray@1.0.0
133 silly idealTree ├── isobject@2.1.0
133 silly idealTree ├── jade@1.11.0
133 silly idealTree ├── js-tokens@3.0.2
133 silly idealTree ├── jsesc@1.3.0
133 silly idealTree ├── json5@0.5.1
133 silly idealTree ├── jstransformer@0.0.2
133 silly idealTree ├── kind-of@3.2.2
133 silly idealTree ├── lazy-cache@1.0.4
133 silly idealTree ├── lodash@4.17.10
133 silly idealTree ├── longest@1.0.1
133 silly idealTree ├── loose-envify@1.4.0
133 silly idealTree ├── lz-string@1.4.4
133 silly idealTree ├── math-random@1.0.1
133 silly idealTree ├── media-typer@0.3.0
133 silly idealTree ├── merge-descriptors@1.0.1
133 silly idealTree ├── merge-images@1.1.0
133 silly idealTree ├── methods@1.1.2
133 silly idealTree ├── micromatch@2.3.11
133 silly idealTree ├── mime-db@1.35.0
133 silly idealTree ├── mime-types@2.1.19
133 silly idealTree ├── mime@1.4.1
133 silly idealTree ├── minimatch@3.0.4
133 silly idealTree ├── minimist@0.0.8
133 silly idealTree ├── mkdirp@0.5.1
133 silly idealTree ├── morgan@1.9.0
133 silly idealTree ├── ms@2.0.0
133 silly idealTree ├── mustache@2.3.0
133 silly idealTree ├── nan@2.10.0
133 silly idealTree ├── negotiator@0.6.1
133 silly idealTree ├── normalize-path@2.1.1
133 silly idealTree ├── number-is-nan@1.0.1
133 silly idealTree ├── object-assign@4.1.1
133 silly idealTree ├── object.omit@2.0.1
133 silly idealTree ├── on-finished@2.3.0
133 silly idealTree ├── on-headers@1.0.1
133 silly idealTree ├── once@1.4.0
133 silly idealTree ├── optimist@0.3.7
133 silly idealTree ├── os-homedir@1.0.2
133 silly idealTree ├── os-tmpdir@1.0.2
133 silly idealTree ├── output-file-sync@1.1.2
133 silly idealTree ├── parse-glob@3.0.4
133 silly idealTree ├── parseurl@1.3.2
133 silly idealTree ├── path-is-absolute@1.0.1
133 silly idealTree ├── path-to-regexp@0.1.7
133 silly idealTree ├── preserve@0.2.0
133 silly idealTree ├── private@0.1.8
133 silly idealTree ├── process-nextick-args@2.0.0
133 silly idealTree ├── promise@6.1.0
133 silly idealTree ├── proxy-addr@2.0.3
133 silly idealTree ├── qs@6.5.2
133 silly idealTree ├── random-bytes@1.0.0
133 silly idealTree ├─┬ randomatic@3.0.0
133 silly idealTree │ ├── is-number@4.0.0
133 silly idealTree │ └── kind-of@6.0.2
133 silly idealTree ├── range-parser@1.2.0
133 silly idealTree ├── raw-body@2.3.3
133 silly idealTree ├── readable-stream@2.3.6
133 silly idealTree ├── readdirp@2.1.0
133 silly idealTree ├── regenerate@1.4.0
133 silly idealTree ├── regenerator-runtime@0.11.1
133 silly idealTree ├── regenerator-transform@0.10.1
133 silly idealTree ├── regex-cache@0.4.4
133 silly idealTree ├── regexpu-core@2.0.0
133 silly idealTree ├── regjsgen@0.2.0
133 silly idealTree ├─┬ regjsparser@0.1.5
133 silly idealTree │ └── jsesc@0.5.0
133 silly idealTree ├── remove-trailing-separator@1.1.0
133 silly idealTree ├── repeat-element@1.1.2
133 silly idealTree ├── repeat-string@1.6.1
133 silly idealTree ├── repeating@2.0.1
133 silly idealTree ├── right-align@0.1.3
133 silly idealTree ├── safe-buffer@5.1.1
133 silly idealTree ├── safer-buffer@2.1.2
133 silly idealTree ├─┬ send@0.16.2
133 silly idealTree │ └── statuses@1.4.0
133 silly idealTree ├── serve-static@1.13.2
133 silly idealTree ├── set-immediate-shim@1.0.1
133 silly idealTree ├── setprototypeof@1.1.0
133 silly idealTree ├── slash@1.0.0
133 silly idealTree ├─┬ source-map-support@0.4.18
133 silly idealTree │ └── source-map@0.5.7
133 silly idealTree ├── source-map@0.4.4
133 silly idealTree ├── statuses@1.5.0
133 silly idealTree ├── string_decoder@1.1.1
133 silly idealTree ├── strip-ansi@3.0.1
133 silly idealTree ├── supports-color@2.0.0
133 silly idealTree ├── sys@0.0.1
133 silly idealTree ├── to-fast-properties@1.0.3
133 silly idealTree ├─┬ transformers@2.1.0
133 silly idealTree │ ├── is-promise@1.0.1
133 silly idealTree │ ├── promise@2.0.0
133 silly idealTree │ ├── source-map@0.1.43
133 silly idealTree │ └── uglify-js@2.2.5
133 silly idealTree ├── trim-right@1.0.1
133 silly idealTree ├── type-is@1.6.16
133 silly idealTree ├─┬ uglify-js@2.8.29
133 silly idealTree │ └── source-map@0.5.7
133 silly idealTree ├── uglify-to-browserify@1.0.2
133 silly idealTree ├── uid-safe@2.1.5
133 silly idealTree ├── unpipe@1.0.0
133 silly idealTree ├── user-home@1.1.1
133 silly idealTree ├── util-deprecate@1.0.2
133 silly idealTree ├── utils-merge@1.0.1
133 silly idealTree ├── v8flags@2.1.1
133 silly idealTree ├── vary@1.1.2
133 silly idealTree ├── void-elements@2.0.1
133 silly idealTree ├── window-size@0.1.0
133 silly idealTree ├─┬ with@4.0.3
133 silly idealTree │ └── acorn@1.2.2
133 silly idealTree ├── wordwrap@0.0.3
133 silly idealTree ├── wrappy@1.0.2
133 silly idealTree └── yargs@3.10.0
134 silly generateActionsToTake Starting
135 silly install generateActionsToTake
136 silly generateActionsToTake Finishing
137 silly diffTrees action count 2
138 silly diffTrees add nan@2.10.0
139 silly diffTrees add canvas@1.6.11
140 silly decomposeActions action count 16
141 silly decomposeActions fetch nan@2.10.0
142 silly decomposeActions extract nan@2.10.0
143 silly decomposeActions test nan@2.10.0
144 silly decomposeActions preinstall nan@2.10.0
145 silly decomposeActions build nan@2.10.0
146 silly decomposeActions install nan@2.10.0
147 silly decomposeActions postinstall nan@2.10.0
148 silly decomposeActions finalize nan@2.10.0
149 silly decomposeActions fetch canvas@1.6.11
150 silly decomposeActions extract canvas@1.6.11
151 silly decomposeActions test canvas@1.6.11
152 silly decomposeActions preinstall canvas@1.6.11
153 silly decomposeActions build canvas@1.6.11
154 silly decomposeActions install canvas@1.6.11
155 silly decomposeActions postinstall canvas@1.6.11
156 silly decomposeActions finalize canvas@1.6.11
157 silly executeActions Starting
158 silly install executeActions
159 silly doSerial global-install 0
160 silly doParallel fetch 2
161 verbose lock using /home/alex-pc/.npm/_locks/staging-b35936cc476bbdbe.lock for /home/alex-pc/MockUp/mockupApp/node_modules/.staging
162 silly doParallel extract 2
163 silly extract nan@2.10.0
164 silly extract canvas@1.6.11
165 verbose unbuild node_modules/.staging/nan-987dd8b1
166 verbose unbuild node_modules/.staging/canvas-16e51250
167 silly gentlyRm /home/alex-pc/MockUp/mockupApp/node_modules/.staging/nan-987dd8b1 is being purged from base /home/alex-pc/MockUp/mockupApp
168 verbose gentlyRm don't care about contents; nuking /home/alex-pc/MockUp/mockupApp/node_modules/.staging/nan-987dd8b1
169 silly gentlyRm /home/alex-pc/MockUp/mockupApp/node_modules/.staging/canvas-16e51250 is being purged from base /home/alex-pc/MockUp/mockupApp
170 verbose gentlyRm don't care about contents; nuking /home/alex-pc/MockUp/mockupApp/node_modules/.staging/canvas-16e51250
171 verbose tar unpack /home/alex-pc/.npm/nan/2.10.0/package.tgz
172 verbose tar unpacking to /home/alex-pc/MockUp/mockupApp/node_modules/.staging/nan-987dd8b1
173 silly gentlyRm /home/alex-pc/MockUp/mockupApp/node_modules/.staging/nan-987dd8b1 is being purged
174 verbose gentlyRm don't care about contents; nuking /home/alex-pc/MockUp/mockupApp/node_modules/.staging/nan-987dd8b1
175 verbose tar unpack /home/alex-pc/.npm/canvas/1.6.11/package.tgz
176 verbose tar unpacking to /home/alex-pc/MockUp/mockupApp/node_modules/.staging/canvas-16e51250
177 silly gentlyRm /home/alex-pc/MockUp/mockupApp/node_modules/.staging/canvas-16e51250 is being purged
178 verbose gentlyRm don't care about contents; nuking /home/alex-pc/MockUp/mockupApp/node_modules/.staging/canvas-16e51250
179 silly gunzTarPerm modes [ '775', '664' ]
180 silly gunzTarPerm modes [ '775', '664' ]
181 silly gunzTarPerm extractEntry package.json
182 silly gunzTarPerm extractEntry package.json
183 silly gunzTarPerm modified mode [ 'package.json', 420, 436 ]
184 silly gunzTarPerm extractEntry CHANGELOG.md
185 silly gunzTarPerm extractEntry include_dirs.js
186 silly gunzTarPerm extractEntry .travis.yml
187 silly gunzTarPerm modified mode [ '.travis.yml', 420, 436 ]
188 silly gunzTarPerm extractEntry binding.gyp
189 silly gunzTarPerm modified mode [ 'binding.gyp', 493, 509 ]
190 silly gunzTarPerm extractEntry LICENSE.md
191 silly gunzTarPerm extractEntry nan_callbacks_12_inl.h
192 silly gunzTarPerm extractEntry nan_callbacks_pre_12_inl.h
193 silly gunzTarPerm extractEntry History.md
194 silly gunzTarPerm modified mode [ 'History.md', 420, 436 ]
195 silly gunzTarPerm extractEntry index.js
196 silly gunzTarPerm modified mode [ 'index.js', 420, 436 ]
197 silly gunzTarPerm extractEntry nan_callbacks.h
198 silly gunzTarPerm extractEntry Readme.md
199 silly gunzTarPerm modified mode [ 'Readme.md', 420, 436 ]
200 silly gunzTarPerm extractEntry .github/ISSUE_TEMPLATE.md
201 silly gunzTarPerm modified mode [ '.github/ISSUE_TEMPLATE.md', 420, 436 ]
202 silly gunzTarPerm extractEntry nan_converters_43_inl.h
203 silly gunzTarPerm extractEntry nan_converters_pre_43_inl.h
204 silly gunzTarPerm extractEntry .vscode/c_cpp_properties.json
205 silly gunzTarPerm modified mode [ '.vscode/c_cpp_properties.json', 420, 436 ]
206 silly gunzTarPerm extractEntry .vscode/settings.json
207 silly gunzTarPerm modified mode [ '.vscode/settings.json', 420, 436 ]
208 silly gunzTarPerm extractEntry lib/bindings.js
209 silly gunzTarPerm modified mode [ 'lib/bindings.js', 420, 436 ]
210 silly gunzTarPerm extractEntry nan_converters.h
211 silly gunzTarPerm extractEntry nan_define_own_property_helper.h
212 silly gunzTarPerm extractEntry lib/canvas.js
213 silly gunzTarPerm modified mode [ 'lib/canvas.js', 420, 436 ]
214 silly gunzTarPerm extractEntry nan_implementation_12_inl.h
215 silly gunzTarPerm extractEntry nan_implementation_pre_12_inl.h
216 silly gunzTarPerm extractEntry nan_json.h
217 silly gunzTarPerm extractEntry lib/context2d.js
218 silly gunzTarPerm modified mode [ 'lib/context2d.js', 420, 436 ]
219 silly gunzTarPerm extractEntry lib/image.js
220 silly gunzTarPerm modified mode [ 'lib/image.js', 420, 436 ]
221 silly gunzTarPerm extractEntry nan_maybe_43_inl.h
222 silly gunzTarPerm extractEntry lib/jpegstream.js
223 silly gunzTarPerm modified mode [ 'lib/jpegstream.js', 420, 436 ]
224 silly gunzTarPerm extractEntry lib/parse-font.js
225 silly gunzTarPerm modified mode [ 'lib/parse-font.js', 420, 436 ]
226 silly gunzTarPerm extractEntry nan_maybe_pre_43_inl.h
227 silly gunzTarPerm extractEntry nan_new.h
228 silly gunzTarPerm extractEntry nan_object_wrap.h
229 silly gunzTarPerm extractEntry lib/pdfstream.js
230 silly gunzTarPerm modified mode [ 'lib/pdfstream.js', 420, 436 ]
231 silly gunzTarPerm extractEntry lib/pngstream.js
232 silly gunzTarPerm modified mode [ 'lib/pngstream.js', 420, 436 ]
233 silly gunzTarPerm extractEntry nan_persistent_12_inl.h
234 silly gunzTarPerm extractEntry nan_persistent_pre_12_inl.h
235 silly gunzTarPerm extractEntry src/Canvas.cc
236 silly gunzTarPerm modified mode [ 'src/Canvas.cc', 420, 436 ]
237 silly gunzTarPerm extractEntry src/Canvas.h
238 silly gunzTarPerm modified mode [ 'src/Canvas.h', 420, 436 ]
239 silly gunzTarPerm extractEntry nan_private.h
240 silly gunzTarPerm extractEntry nan_string_bytes.h
241 silly gunzTarPerm extractEntry nan_typedarray_contents.h
242 silly gunzTarPerm extractEntry nan_weak.h
243 silly gunzTarPerm extractEntry src/CanvasGradient.cc
244 silly gunzTarPerm modified mode [ 'src/CanvasGradient.cc', 420, 436 ]
245 silly gunzTarPerm extractEntry src/CanvasGradient.h
246 silly gunzTarPerm modified mode [ 'src/CanvasGradient.h', 420, 436 ]
247 silly gunzTarPerm extractEntry src/CanvasPattern.cc
248 silly gunzTarPerm modified mode [ 'src/CanvasPattern.cc', 420, 436 ]
249 silly gunzTarPerm extractEntry src/CanvasPattern.h
250 silly gunzTarPerm modified mode [ 'src/CanvasPattern.h', 420, 436 ]
251 silly gunzTarPerm extractEntry nan.h
252 silly gunzTarPerm extractEntry README.md
253 silly gunzTarPerm extractEntry doc/asyncworker.md
254 silly gunzTarPerm extractEntry doc/buffers.md
255 silly gunzTarPerm extractEntry src/CanvasRenderingContext2d.cc
256 silly gunzTarPerm modified mode [ 'src/CanvasRenderingContext2d.cc', 493, 509 ]
257 silly gunzTarPerm extractEntry src/CanvasRenderingContext2d.h
258 silly gunzTarPerm modified mode [ 'src/CanvasRenderingContext2d.h', 420, 436 ]
259 silly gunzTarPerm extractEntry src/closure.h
260 silly gunzTarPerm modified mode [ 'src/closure.h', 420, 436 ]
261 silly gunzTarPerm extractEntry src/color.cc
262 silly gunzTarPerm modified mode [ 'src/color.cc', 420, 436 ]
263 silly gunzTarPerm extractEntry doc/callback.md
264 silly gunzTarPerm extractEntry doc/converters.md
265 silly gunzTarPerm extractEntry src/color.h
266 silly gunzTarPerm modified mode [ 'src/color.h', 420, 436 ]
267 silly gunzTarPerm extractEntry src/FontFace.cc
268 silly gunzTarPerm modified mode [ 'src/FontFace.cc', 493, 509 ]
269 silly gunzTarPerm extractEntry doc/errors.md
270 silly gunzTarPerm extractEntry doc/json.md
271 silly gunzTarPerm extractEntry src/FontFace.h
272 silly gunzTarPerm modified mode [ 'src/FontFace.h', 420, 436 ]
273 silly gunzTarPerm extractEntry src/Image.cc
274 silly gunzTarPerm modified mode [ 'src/Image.cc', 420, 436 ]
275 silly gunzTarPerm extractEntry doc/maybe_types.md
276 silly gunzTarPerm extractEntry doc/methods.md
277 silly gunzTarPerm extractEntry src/Image.h
278 silly gunzTarPerm modified mode [ 'src/Image.h', 420, 436 ]
279 silly gunzTarPerm extractEntry src/ImageData.cc
280 silly gunzTarPerm modified mode [ 'src/ImageData.cc', 420, 436 ]
281 silly gunzTarPerm extractEntry doc/new.md
282 silly gunzTarPerm extractEntry doc/node_misc.md
283 silly gunzTarPerm extractEntry src/ImageData.h
284 silly gunzTarPerm modified mode [ 'src/ImageData.h', 420, 436 ]
285 silly gunzTarPerm extractEntry src/init.cc
286 silly gunzTarPerm modified mode [ 'src/init.cc', 493, 509 ]
287 silly gunzTarPerm extractEntry doc/object_wrappers.md
288 silly gunzTarPerm extractEntry doc/persistent.md
289 silly gunzTarPerm extractEntry src/JPEGStream.h
290 silly gunzTarPerm modified mode [ 'src/JPEGStream.h', 420, 436 ]
291 silly gunzTarPerm extractEntry src/PNG.h
292 silly gunzTarPerm modified mode [ 'src/PNG.h', 420, 436 ]
293 silly gunzTarPerm extractEntry doc/scopes.md
294 silly gunzTarPerm extractEntry doc/script.md
295 silly gunzTarPerm extractEntry src/Point.h
296 silly gunzTarPerm modified mode [ 'src/Point.h', 420, 436 ]
297 silly gunzTarPerm extractEntry util/has_lib.sh
298 silly gunzTarPerm modified mode [ 'util/has_lib.sh', 493, 509 ]
299 silly gunzTarPerm extractEntry doc/string_bytes.md
300 silly gunzTarPerm extractEntry doc/v8_internals.md
301 silly gunzTarPerm extractEntry doc/v8_misc.md
302 silly gunzTarPerm extractEntry tools/1to2.js
303 silly gunzTarPerm extractEntry tools/package.json
304 silly gunzTarPerm extractEntry tools/README.md
305 silly gentlyRm /home/alex-pc/MockUp/mockupApp/node_modules/.staging/canvas-16e51250/node_modules is being purged
306 verbose gentlyRm don't care about contents; nuking /home/alex-pc/MockUp/mockupApp/node_modules/.staging/canvas-16e51250/node_modules
307 silly gentlyRm /home/alex-pc/MockUp/mockupApp/node_modules/.staging/nan-987dd8b1/node_modules is being purged
308 verbose gentlyRm don't care about contents; nuking /home/alex-pc/MockUp/mockupApp/node_modules/.staging/nan-987dd8b1/node_modules
309 silly doParallel preinstall 2
310 silly preinstall nan@2.10.0 /home/alex-pc/MockUp/mockupApp/node_modules/.staging/nan-987dd8b1
311 info lifecycle nan@2.10.0~preinstall: nan@2.10.0
312 silly preinstall canvas@1.6.11 /home/alex-pc/MockUp/mockupApp/node_modules/.staging/canvas-16e51250
313 info lifecycle canvas@1.6.11~preinstall: canvas@1.6.11
314 silly lifecycle nan@2.10.0~preinstall: no script for preinstall, continuing
315 silly lifecycle canvas@1.6.11~preinstall: no script for preinstall, continuing
316 silly doReverseSerial remove 0
317 silly doSerial move 0
318 silly doSerial finalize 2
319 silly finalize /home/alex-pc/MockUp/mockupApp/node_modules/nan
320 silly finalize /home/alex-pc/MockUp/mockupApp/node_modules/canvas
321 silly doSerial build 2
322 silly build nan@2.10.0
323 info linkStuff nan@2.10.0
324 silly linkStuff nan@2.10.0 has /home/alex-pc/MockUp/mockupApp/node_modules as its parent node_modules
325 verbose linkBins nan@2.10.0
326 verbose linkMans nan@2.10.0
327 silly build canvas@1.6.11
328 info linkStuff canvas@1.6.11
329 silly linkStuff canvas@1.6.11 has /home/alex-pc/MockUp/mockupApp/node_modules as its parent node_modules
330 verbose linkBins canvas@1.6.11
331 verbose linkMans canvas@1.6.11
332 silly doSerial global-link 0
333 silly doParallel update-linked 0
334 silly doSerial install 2
335 silly install nan@2.10.0 /home/alex-pc/MockUp/mockupApp/node_modules/.staging/nan-987dd8b1
336 info lifecycle nan@2.10.0~install: nan@2.10.0
337 silly lifecycle nan@2.10.0~install: no script for install, continuing
338 silly install canvas@1.6.11 /home/alex-pc/MockUp/mockupApp/node_modules/.staging/canvas-16e51250
339 info lifecycle canvas@1.6.11~install: canvas@1.6.11
340 verbose lifecycle canvas@1.6.11~install: unsafe-perm in lifecycle true
341 verbose lifecycle canvas@1.6.11~install: PATH: /usr/share/npm/bin/node-gyp-bin:/home/alex-pc/MockUp/mockupApp/node_modules/canvas/node_modules/.bin:/home/alex-pc/MockUp/mockupApp/node_modules/.bin:/usr/local/sbin:/usr/local/bin:/usr/sbin:/usr/bin:/sbin:/bin:/usr/games:/usr/local/games:/snap/bin
342 verbose lifecycle canvas@1.6.11~install: CWD: /home/alex-pc/MockUp/mockupApp/node_modules/canvas
343 silly lifecycle canvas@1.6.11~install: Args: [ '-c', 'node-gyp rebuild' ]
344 silly lifecycle canvas@1.6.11~install: Returned: code: 1  signal: null
345 info lifecycle canvas@1.6.11~install: Failed to exec install script
346 verbose unlock done using /home/alex-pc/.npm/_locks/staging-b35936cc476bbdbe.lock for /home/alex-pc/MockUp/mockupApp/node_modules/.staging
347 silly rollbackFailedOptional Starting
348 silly rollbackFailedOptional Finishing
349 silly runTopLevelLifecycles Starting
350 silly runTopLevelLifecycles Finishing
351 silly install printInstalled
352 warn optional Skipping failed optional dependency /chokidar/fsevents:
353 warn notsup Not compatible with your operating system or architecture: fsevents@1.2.4
354 verbose stack Error: canvas@1.6.11 install: `node-gyp rebuild`
354 verbose stack Exit status 1
354 verbose stack     at EventEmitter.<anonymous> (/usr/share/npm/lib/utils/lifecycle.js:232:16)
354 verbose stack     at emitTwo (events.js:126:13)
354 verbose stack     at EventEmitter.emit (events.js:214:7)
354 verbose stack     at ChildProcess.<anonymous> (/usr/share/npm/lib/utils/spawn.js:24:14)
354 verbose stack     at emitTwo (events.js:126:13)
354 verbose stack     at ChildProcess.emit (events.js:214:7)
354 verbose stack     at maybeClose (internal/child_process.js:925:16)
354 verbose stack     at Process.ChildProcess._handle.onexit (internal/child_process.js:209:5)
355 verbose pkgid canvas@1.6.11
356 verbose cwd /home/alex-pc/MockUp/mockupApp
357 error Linux 4.15.0-29-generic
358 error argv "/usr/bin/node" "/usr/bin/npm" "i" "-save" "canvas"
359 error node v8.10.0
360 error npm  v3.5.2
361 error code ELIFECYCLE
362 error canvas@1.6.11 install: `node-gyp rebuild`
362 error Exit status 1
363 error Failed at the canvas@1.6.11 install script 'node-gyp rebuild'.
363 error Make sure you have the latest version of node.js and npm installed.
363 error If you do, this is most likely a problem with the canvas package,
363 error not with npm itself.
363 error Tell the author that this fails on your system:
363 error     node-gyp rebuild
363 error You can get information on how to open an issue for this project with:
363 error     npm bugs canvas
363 error Or if that isn't available, you can get their info via:
363 error     npm owner ls canvas
363 error There is likely additional logging output above.
364 verbose exit [ 1, true ]
